C-kern/io/reader/csvfilereader.c:351: colvalue_csvfilereader(): error: 22: Function input violates condition (column < csvfile->nrcolumns)
column=4
csvfile->nrcolumns=4
C-kern/io/reader/csvfilereader.c:359: colvalue_csvfilereader(): error: 22: Function aborted
C-kern/io/reader/csvfilereader.c:351: colvalue_csvfilereader(): error: 22: Function input violates condition (column < csvfile->nrcolumns)
column=4294967295
csvfile->nrcolumns=4
C-kern/io/reader/csvfilereader.c:359: colvalue_csvfilereader(): error: 22: Function aborted
C-kern/io/reader/csvfilereader.c:352: colvalue_csvfilereader(): error: 22: Function input violates condition (row < csvfile->nrrows)
row=3
csvfile->nrrows=3
C-kern/io/reader/csvfilereader.c:359: colvalue_csvfilereader(): error: 22: Function aborted
C-kern/io/reader/csvfilereader.c:352: colvalue_csvfilereader(): error: 22: Function input violates condition (row < csvfile->nrrows)
row=4294967295
csvfile->nrrows=3
C-kern/io/reader/csvfilereader.c:359: colvalue_csvfilereader(): error: 22: Function aborted
C-kern/io/reader/csvfilereader.c:108: parsechar_csvfilereaderparsestate(): error: Expect character ',' in line: 1, column: 12
C-kern/io/reader/csvfilereader.c:317: init_csvfilereader(): error: 22: Function aborted
C-kern/io/reader/csvfilereader.c:170: parsenrcolumns_csvfilereaderparsestate(): error: Expect character '"' in line: 1, column: 12
C-kern/io/reader/csvfilereader.c:317: init_csvfilereader(): error: 22: Function aborted
C-kern/io/reader/csvfilereader.c:170: parsenrcolumns_csvfilereaderparsestate(): error: Expect character '"' in line: 1, column: 12
C-kern/io/reader/csvfilereader.c:317: init_csvfilereader(): error: 22: Function aborted
C-kern/io/reader/csvfilereader.c:108: parsechar_csvfilereaderparsestate(): error: Expect character '"' in line: 1, column: 14
C-kern/io/reader/csvfilereader.c:317: init_csvfilereader(): error: 22: Function aborted
C-kern/io/reader/csvfilereader.c:242: parsedata_csvfilereader(): error: Expect '(newline)' in line: 2, column: 12
C-kern/io/reader/csvfilereader.c:317: init_csvfilereader(): error: 22: Function aborted
C-kern/io/reader/csvfilereader.c:256: parsedata_csvfilereader(): error: Expect character ',' in line: 2, column: 5
C-kern/io/reader/csvfilereader.c:317: init_csvfilereader(): error: 22: Function aborted
C-kern/io/reader/csvfilereader.c:267: parsedata_csvfilereader(): error: Expect character '"' in line: 2, column: 6
C-kern/io/reader/csvfilereader.c:317: init_csvfilereader(): error: 22: Function aborted
C-kern/io/reader/csvfilereader.c:108: parsechar_csvfilereaderparsestate(): error: Expect character '"' in line: 2, column: 10
C-kern/io/reader/csvfilereader.c:317: init_csvfilereader(): error: 22: Function aborted
C-kern/io/reader/csvfilereader.c:108: parsechar_csvfilereaderparsestate(): error: Expect character '"' in line: 1, column: 3
C-kern/io/reader/csvfilereader.c:317: init_csvfilereader(): error: 22: Function aborted
