C-kern/context/threadcontext.c:115: init_threadcontext(): error: 22: Function aborted
C-kern/context/threadcontext.c:115: init_threadcontext(): error: 23: Function aborted
C-kern/context/threadcontext.c:115: init_threadcontext(): error: 24: Function aborted
C-kern/context/threadcontext.c:115: init_threadcontext(): error: 25: Function aborted
