C-kern/ds/inmem/arraysf.c:114: new_arraysf(): error: 22: Function input violates condition (toplevelsize <= 0x00800000)
toplevelsize=16777216
C-kern/ds/inmem/arraysf.c:130: new_arraysf(): error: 22: Function aborted
C-kern/ds/inmem/arraysf.c:115: new_arraysf(): error: 22: Function input violates condition (posshift <= 8*sizeof(size_t) - log2_int(toplevelsize < 2 ? 2 : toplevelsize))
posshift=25
C-kern/ds/inmem/arraysf.c:130: new_arraysf(): error: 22: Function aborted
C-kern/ds/inmem/arraysf.c:458: insert_arraysf(): error: 17: Function aborted
C-kern/ds/inmem/arraysf.c:440: remove_arraysf(): error: 3: Function aborted
C-kern/ds/inmem/arraysf.c:213: delete_arraysf(): error: 12345: Freeing a resource returned an error
C-kern/test/testmm.c:679: mresize_testmm(): error: Could not allocate 20 bytes of memory
C-kern/test/testmm.c:681: mresize_testmm(): error: 12: Function aborted
C-kern/ds/inmem/arraysf.c:365: tryinsert_arraysf(): error: 12: Function aborted
C-kern/test/testmm.c:679: mresize_testmm(): error: Could not allocate 20 bytes of memory
C-kern/test/testmm.c:681: mresize_testmm(): error: 12: Function aborted
C-kern/ds/inmem/arraysf.c:365: tryinsert_arraysf(): error: 12: Function aborted
