C-kern/umgebung/umgtype_test.c:92: inittest_umgebung(): error: Function aborted (err=22)
C-kern/umgebung/umgtype_test.c:92: inittest_umgebung(): error: Function aborted (err=23)
