C-kern/math/hash/sha1.c:266: calculate_sha1hash(): error: 75: Function aborted
C-kern/math/hash/sha1.c:266: calculate_sha1hash(): error: 75: Function aborted
C-kern/math/hash/sha1.c:266: calculate_sha1hash(): error: 75: Function aborted
